{'name': 'systemd', 'ppid': 0, 'pid': 1, 'username': 'root', 'status': 'sleeping'}
{'name': 'kthreadd', 'ppid': 0, 'pid': 2, 'username': 'root', 'status': 'sleeping'}
{'name': 'pool_workqueue_release', 'ppid': 2, 'pid': 3, 'username': 'root', 'status': 'sleeping'}
{'name': 'kworker/R-rcu_g', 'ppid': 2, 'pid': 4, 'username': 'root', 'status': 'idle'}
{'name': 'kworker/R-rcu_p', 'ppid': 2, 'pid': 5, 'username': 'root', 'status': 'idle'}
{'name': 'kworker/R-slub_', 'ppid': 2, 'pid': 6, 'username': 'root', 'status': 'idle'}
{'name': 'kworker/R-netns', 'ppid': 2, 'pid': 7, 'username': 'root', 'status': 'idle'}
{'name': 'kworker/0:0H-events_highpri', 'ppid': 2, 'pid': 9, 'username': 'root', 'status': 'idle'}
{'name': 'kworker/0:1-events', 'ppid': 2, 'pid': 10, 'username': 'root', 'status': 'idle'}
{'name': 'kworker/R-mm_pe', 'ppid': 2, 'pid': 12, 'username': 'root', 'status': 'idle'}
{'name': 'rcu_tasks_kthread', 'ppid': 2, 'pid': 13, 'username': 'root', 'status': 'idle'}
{'name': 'rcu_tasks_rude_kthread', 'ppid': 2, 'pid': 14, 'username': 'root', 'status': 'idle'}
{'name': 'rcu_tasks_trace_kthread', 'ppid': 2, 'pid': 15, 'username': 'root', 'status': 'idle'}
{'name': 'ksoftirqd/0', 'ppid': 2, 'pid': 16, 'username': 'root', 'status': 'sleeping'}
{'name': 'rcu_preempt', 'ppid': 2, 'pid': 17, 'username': 'root', 'status': 'idle'}
{'name': 'migration/0', 'ppid': 2, 'pid': 18, 'username': 'root', 'status': 'sleeping'}
{'name': 'idle_inject/0', 'ppid': 2, 'pid': 19, 'username': 'root', 'status': 'sleeping'}
{'name': 'cpuhp/0', 'ppid': 2, 'pid': 20, 'username': 'root', 'status': 'sleeping'}
{'name': 'cpuhp/2', 'ppid': 2, 'pid': 21, 'username': 'root', 'status': 'sleeping'}
{'name': 'idle_inject/2', 'ppid': 2, 'pid': 22, 'username': 'root', 'status': 'sleeping'}
{'name': 'migration/2', 'ppid': 2, 'pid': 23, 'username': 'root', 'status': 'sleeping'}
{'name': 'ksoftirqd/2', 'ppid': 2, 'pid': 24, 'username': 'root', 'status': 'sleeping'}
{'name': 'kworker/2:0H-events_highpri', 'ppid': 2, 'pid': 26, 'username': 'root', 'status': 'idle'}
{'name': 'cpuhp/4', 'ppid': 2, 'pid': 27, 'username': 'root', 'status': 'sleeping'}
{'name': 'idle_inject/4', 'ppid': 2, 'pid': 28, 'username': 'root', 'status': 'sleeping'}
{'name': 'migration/4', 'ppid': 2, 'pid': 29, 'username': 'root', 'status': 'sleeping'}
{'name': 'ksoftirqd/4', 'ppid': 2, 'pid': 30, 'username': 'root', 'status': 'sleeping'}
{'name': 'kworker/4:0-events', 'ppid': 2, 'pid': 31, 'username': 'root', 'status': 'idle'}
{'name': 'kworker/4:0H-events_highpri', 'ppid': 2, 'pid': 32, 'username': 'root', 'status': 'idle'}
{'name': 'cpuhp/5', 'ppid': 2, 'pid': 33, 'username': 'root', 'status': 'sleeping'}
{'name': 'idle_inject/5', 'ppid': 2, 'pid': 34, 'username': 'root', 'status': 'sleeping'}
{'name': 'migration/5', 'ppid': 2, 'pid': 35, 'username': 'root', 'status': 'sleeping'}
{'name': 'ksoftirqd/5', 'ppid': 2, 'pid': 36, 'username': 'root', 'status': 'sleeping'}
{'name': 'kworker/5:0-events', 'ppid': 2, 'pid': 37, 'username': 'root', 'status': 'idle'}
{'name': 'kworker/5:0H-kblockd', 'ppid': 2, 'pid': 38, 'username': 'root', 'status': 'idle'}
{'name': 'cpuhp/6', 'ppid': 2, 'pid': 39, 'username': 'root', 'status': 'sleeping'}
{'name': 'idle_inject/6', 'ppid': 2, 'pid': 40, 'username': 'root', 'status': 'sleeping'}
{'name': 'migration/6', 'ppid': 2, 'pid': 41, 'username': 'root', 'status': 'sleeping'}
{'name': 'ksoftirqd/6', 'ppid': 2, 'pid': 42, 'username': 'root', 'status': 'sleeping'}
{'name': 'kworker/6:0H-events_highpri', 'ppid': 2, 'pid': 44, 'username': 'root', 'status': 'idle'}
{'name': 'cpuhp/7', 'ppid': 2, 'pid': 45, 'username': 'root', 'status': 'sleeping'}
{'name': 'idle_inject/7', 'ppid': 2, 'pid': 46, 'username': 'root', 'status': 'sleeping'}
{'name': 'migration/7', 'ppid': 2, 'pid': 47, 'username': 'root', 'status': 'sleeping'}
{'name': 'ksoftirqd/7', 'ppid': 2, 'pid': 48, 'username': 'root', 'status': 'sleeping'}
{'name': 'kworker/7:0H-events_highpri', 'ppid': 2, 'pid': 50, 'username': 'root', 'status': 'idle'}
{'name': 'cpuhp/8', 'ppid': 2, 'pid': 51, 'username': 'root', 'status': 'sleeping'}
{'name': 'idle_inject/8', 'ppid': 2, 'pid': 52, 'username': 'root', 'status': 'sleeping'}
{'name': 'migration/8', 'ppid': 2, 'pid': 53, 'username': 'root', 'status': 'sleeping'}
{'name': 'ksoftirqd/8', 'ppid': 2, 'pid': 54, 'username': 'root', 'status': 'sleeping'}
{'name': 'kworker/8:0H-events_highpri', 'ppid': 2, 'pid': 56, 'username': 'root', 'status': 'idle'}
{'name': 'cpuhp/9', 'ppid': 2, 'pid': 57, 'username': 'root', 'status': 'sleeping'}
{'name': 'idle_inject/9', 'ppid': 2, 'pid': 58, 'username': 'root', 'status': 'sleeping'}
{'name': 'migration/9', 'ppid': 2, 'pid': 59, 'username': 'root', 'status': 'sleeping'}
{'name': 'ksoftirqd/9', 'ppid': 2, 'pid': 60, 'username': 'root', 'status': 'sleeping'}
{'name': 'kworker/9:0H-events_highpri', 'ppid': 2, 'pid': 62, 'username': 'root', 'status': 'idle'}
{'name': 'cpuhp/10', 'ppid': 2, 'pid': 63, 'username': 'root', 'status': 'sleeping'}
{'name': 'idle_inject/10', 'ppid': 2, 'pid': 64, 'username': 'root', 'status': 'sleeping'}
{'name': 'migration/10', 'ppid': 2, 'pid': 65, 'username': 'root', 'status': 'sleeping'}
{'name': 'ksoftirqd/10', 'ppid': 2, 'pid': 66, 'username': 'root', 'status': 'sleeping'}
{'name': 'kworker/10:0H-events_highpri', 'ppid': 2, 'pid': 68, 'username': 'root', 'status': 'idle'}
{'name': 'cpuhp/11', 'ppid': 2, 'pid': 69, 'username': 'root', 'status': 'sleeping'}
{'name': 'idle_inject/11', 'ppid': 2, 'pid': 70, 'username': 'root', 'status': 'sleeping'}
{'name': 'migration/11', 'ppid': 2, 'pid': 71, 'username': 'root', 'status': 'sleeping'}
{'name': 'ksoftirqd/11', 'ppid': 2, 'pid': 72, 'username': 'root', 'status': 'sleeping'}
{'name': 'kworker/11:0H-events_highpri', 'ppid': 2, 'pid': 74, 'username': 'root', 'status': 'idle'}
{'name': 'cpuhp/1', 'ppid': 2, 'pid': 75, 'username': 'root', 'status': 'sleeping'}
{'name': 'idle_inject/1', 'ppid': 2, 'pid': 76, 'username': 'root', 'status': 'sleeping'}
{'name': 'migration/1', 'ppid': 2, 'pid': 77, 'username': 'root', 'status': 'sleeping'}
{'name': 'ksoftirqd/1', 'ppid': 2, 'pid': 78, 'username': 'root', 'status': 'sleeping'}
{'name': 'kworker/1:0H-events_highpri', 'ppid': 2, 'pid': 80, 'username': 'root', 'status': 'idle'}
{'name': 'cpuhp/3', 'ppid': 2, 'pid': 81, 'username': 'root', 'status': 'sleeping'}
{'name': 'idle_inject/3', 'ppid': 2, 'pid': 82, 'username': 'root', 'status': 'sleeping'}
{'name': 'migration/3', 'ppid': 2, 'pid': 83, 'username': 'root', 'status': 'sleeping'}
{'name': 'ksoftirqd/3', 'ppid': 2, 'pid': 84, 'username': 'root', 'status': 'sleeping'}
{'name': 'kworker/3:0H-events_highpri', 'ppid': 2, 'pid': 86, 'username': 'root', 'status': 'idle'}
{'name': 'kdevtmpfs', 'ppid': 2, 'pid': 87, 'username': 'root', 'status': 'sleeping'}
{'name': 'kworker/R-inet_', 'ppid': 2, 'pid': 88, 'username': 'root', 'status': 'idle'}
{'name': 'kauditd', 'ppid': 2, 'pid': 90, 'username': 'root', 'status': 'sleeping'}
{'name': 'khungtaskd', 'ppid': 2, 'pid': 91, 'username': 'root', 'status': 'sleeping'}
{'name': 'oom_reaper', 'ppid': 2, 'pid': 92, 'username': 'root', 'status': 'sleeping'}
{'name': 'kworker/R-write', 'ppid': 2, 'pid': 94, 'username': 'root', 'status': 'idle'}
{'name': 'kcompactd0', 'ppid': 2, 'pid': 95, 'username': 'root', 'status': 'sleeping'}
{'name': 'ksmd', 'ppid': 2, 'pid': 96, 'username': 'root', 'status': 'sleeping'}
{'name': 'khugepaged', 'ppid': 2, 'pid': 97, 'username': 'root', 'status': 'sleeping'}
{'name': 'kworker/R-kinte', 'ppid': 2, 'pid': 98, 'username': 'root', 'status': 'idle'}
{'name': 'kworker/R-kbloc', 'ppid': 2, 'pid': 99, 'username': 'root', 'status': 'idle'}
{'name': 'kworker/R-blkcg', 'ppid': 2, 'pid': 100, 'username': 'root', 'status': 'idle'}
{'name': 'kworker/8:1-events', 'ppid': 2, 'pid': 101, 'username': 'root', 'status': 'idle'}
{'name': 'irq/9-acpi', 'ppid': 2, 'pid': 102, 'username': 'root', 'status': 'sleeping'}
{'name': 'kworker/1:1-events', 'ppid': 2, 'pid': 103, 'username': 'root', 'status': 'idle'}
{'name': 'kworker/R-tpm_d', 'ppid': 2, 'pid': 104, 'username': 'root', 'status': 'idle'}
{'name': 'kworker/R-ata_s', 'ppid': 2, 'pid': 105, 'username': 'root', 'status': 'idle'}
{'name': 'kworker/R-md', 'ppid': 2, 'pid': 106, 'username': 'root', 'status': 'idle'}
{'name': 'kworker/R-md_bi', 'ppid': 2, 'pid': 107, 'username': 'root', 'status': 'idle'}
{'name': 'kworker/R-edac-', 'ppid': 2, 'pid': 108, 'username': 'root', 'status': 'idle'}
{'name': 'kworker/R-devfr', 'ppid': 2, 'pid': 109, 'username': 'root', 'status': 'idle'}
{'name': 'kworker/9:1-events', 'ppid': 2, 'pid': 110, 'username': 'root', 'status': 'idle'}
{'name': 'watchdogd', 'ppid': 2, 'pid': 111, 'username': 'root', 'status': 'sleeping'}
{'name': 'kworker/8:1H-events_highpri', 'ppid': 2, 'pid': 113, 'username': 'root', 'status': 'idle'}
{'name': 'kswapd0', 'ppid': 2, 'pid': 114, 'username': 'root', 'status': 'sleeping'}
{'name': 'ecryptfs-kthread', 'ppid': 2, 'pid': 115, 'username': 'root', 'status': 'sleeping'}
{'name': 'kworker/R-kthro', 'ppid': 2, 'pid': 117, 'username': 'root', 'status': 'idle'}
{'name': 'kworker/2:1-events', 'ppid': 2, 'pid': 118, 'username': 'root', 'status': 'idle'}
{'name': 'kworker/R-acpi_', 'ppid': 2, 'pid': 119, 'username': 'root', 'status': 'idle'}
{'name': 'hwrng', 'ppid': 2, 'pid': 121, 'username': 'root', 'status': 'sleeping'}
{'name': 'kworker/R-hfi-u', 'ppid': 2, 'pid': 123, 'username': 'root', 'status': 'idle'}
{'name': 'kworker/R-mld', 'ppid': 2, 'pid': 125, 'username': 'root', 'status': 'idle'}
{'name': 'kworker/R-ipv6_', 'ppid': 2, 'pid': 126, 'username': 'root', 'status': 'idle'}
{'name': 'kworker/5:1H', 'ppid': 2, 'pid': 127, 'username': 'root', 'status': 'idle'}
{'name': 'kworker/R-kstrp', 'ppid': 2, 'pid': 134, 'username': 'root', 'status': 'idle'}
{'name': 'kworker/7:1-i915-unordered', 'ppid': 2, 'pid': 137, 'username': 'root', 'status': 'idle'}
{'name': 'kworker/11:1-events', 'ppid': 2, 'pid': 138, 'username': 'root', 'status': 'idle'}
{'name': 'kworker/u25:0-i915_flip', 'ppid': 2, 'pid': 140, 'username': 'root', 'status': 'idle'}
{'name': 'kworker/R-charg', 'ppid': 2, 'pid': 154, 'username': 'root', 'status': 'idle'}
{'name': 'kworker/11:1H-kblockd', 'ppid': 2, 'pid': 178, 'username': 'root', 'status': 'idle'}
{'name': 'kworker/0:1H-events_highpri', 'ppid': 2, 'pid': 181, 'username': 'root', 'status': 'idle'}
{'name': 'kworker/10:1H-kblockd', 'ppid': 2, 'pid': 196, 'username': 'root', 'status': 'idle'}
{'name': 'kworker/4:1H-kblockd', 'ppid': 2, 'pid': 199, 'username': 'root', 'status': 'idle'}
{'name': 'kworker/6:1H-kblockd', 'ppid': 2, 'pid': 200, 'username': 'root', 'status': 'idle'}
{'name': 'kworker/3:1H-kblockd', 'ppid': 2, 'pid': 207, 'username': 'root', 'status': 'idle'}
{'name': 'kworker/7:1H-events_highpri', 'ppid': 2, 'pid': 228, 'username': 'root', 'status': 'idle'}
{'name': 'kworker/1:1H-kblockd', 'ppid': 2, 'pid': 229, 'username': 'root', 'status': 'idle'}
{'name': 'kworker/9:1H-events_highpri', 'ppid': 2, 'pid': 230, 'username': 'root', 'status': 'idle'}
{'name': 'kworker/2:1H-kblockd', 'ppid': 2, 'pid': 231, 'username': 'root', 'status': 'idle'}
{'name': 'kworker/R-nvme-', 'ppid': 2, 'pid': 259, 'username': 'root', 'status': 'idle'}
{'name': 'kworker/R-nvme-', 'ppid': 2, 'pid': 260, 'username': 'root', 'status': 'idle'}
{'name': 'kworker/R-nvme-', 'ppid': 2, 'pid': 261, 'username': 'root', 'status': 'idle'}
{'name': 'kworker/R-nvme-', 'ppid': 2, 'pid': 262, 'username': 'root', 'status': 'idle'}
{'name': 'irq/153-ELAN0790:00', 'ppid': 2, 'pid': 321, 'username': 'root', 'status': 'sleeping'}
{'name': 'jbd2/nvme0n1p2-8', 'ppid': 2, 'pid': 360, 'username': 'root', 'status': 'sleeping'}
{'name': 'kworker/R-ext4-', 'ppid': 2, 'pid': 361, 'username': 'root', 'status': 'idle'}
{'name': 'systemd-journald', 'ppid': 1, 'pid': 411, 'username': 'root', 'status': 'sleeping'}
{'name': 'systemd-udevd', 'ppid': 1, 'pid': 511, 'username': 'root', 'status': 'sleeping'}
{'name': 'psimon', 'ppid': 2, 'pid': 599, 'username': 'root', 'status': 'sleeping'}
{'name': 'kworker/u24:17-events_unbound', 'ppid': 2, 'pid': 658, 'username': 'root', 'status': 'idle'}
{'name': 'irq/154-mei_me', 'ppid': 2, 'pid': 723, 'username': 'root', 'status': 'sleeping'}
{'name': 'kworker/R-cfg80', 'ppid': 2, 'pid': 781, 'username': 'root', 'status': 'idle'}
{'name': 'kworker/R-crypt', 'ppid': 2, 'pid': 784, 'username': 'root', 'status': 'idle'}
{'name': 'irq/16-processor_thermal_device_pci', 'ppid': 2, 'pid': 800, 'username': 'root', 'status': 'sleeping'}
{'name': 'kworker/R-ttm', 'ppid': 2, 'pid': 801, 'username': 'root', 'status': 'idle'}
{'name': 'kworker/u25:2-i915_flip', 'ppid': 2, 'pid': 806, 'username': 'root', 'status': 'idle'}
{'name': 'card1-crtc0', 'ppid': 2, 'pid': 813, 'username': 'root', 'status': 'sleeping'}
{'name': 'card1-crtc1', 'ppid': 2, 'pid': 814, 'username': 'root', 'status': 'sleeping'}
{'name': 'card1-crtc2', 'ppid': 2, 'pid': 815, 'username': 'root', 'status': 'sleeping'}
{'name': 'card1-crtc3', 'ppid': 2, 'pid': 816, 'username': 'root', 'status': 'sleeping'}
{'name': 'napi/phy0-8193', 'ppid': 2, 'pid': 917, 'username': 'root', 'status': 'sleeping'}
{'name': 'napi/phy0-8194', 'ppid': 2, 'pid': 924, 'username': 'root', 'status': 'sleeping'}
{'name': 'napi/phy0-8195', 'ppid': 2, 'pid': 935, 'username': 'root', 'status': 'sleeping'}
{'name': 'systemd-oomd', 'ppid': 1, 'pid': 977, 'username': 'systemd-oom', 'status': 'sleeping'}
{'name': 'systemd-resolved', 'ppid': 1, 'pid': 980, 'username': 'systemd-resolve', 'status': 'sleeping'}
{'name': 'systemd-timesyncd', 'ppid': 1, 'pid': 981, 'username': 'systemd-timesync', 'status': 'sleeping'}
{'name': 'accounts-daemon', 'ppid': 1, 'pid': 1123, 'username': 'root', 'status': 'sleeping'}
{'name': 'avahi-daemon', 'ppid': 1, 'pid': 1125, 'username': 'avahi', 'status': 'sleeping'}
{'name': 'bluetoothd', 'ppid': 1, 'pid': 1126, 'username': 'root', 'status': 'sleeping'}
{'name': 'cron', 'ppid': 1, 'pid': 1127, 'username': 'root', 'status': 'sleeping'}
{'name': 'dbus-daemon', 'ppid': 1, 'pid': 1128, 'username': 'messagebus', 'status': 'sleeping'}
{'name': 'gnome-remote-desktop-daemon', 'ppid': 1, 'pid': 1131, 'username': 'gnome-remote-desktop', 'status': 'sleeping'}
{'name': 'polkitd', 'ppid': 1, 'pid': 1135, 'username': 'polkitd', 'status': 'sleeping'}
{'name': 'power-profiles-daemon', 'ppid': 1, 'pid': 1138, 'username': 'root', 'status': 'sleeping'}
{'name': 'snapd', 'ppid': 1, 'pid': 1152, 'username': 'root', 'status': 'sleeping'}
{'name': 'switcheroo-control', 'ppid': 1, 'pid': 1157, 'username': 'root', 'status': 'sleeping'}
{'name': 'systemd-logind', 'ppid': 1, 'pid': 1158, 'username': 'root', 'status': 'sleeping'}
{'name': 'thermald', 'ppid': 1, 'pid': 1159, 'username': 'root', 'status': 'sleeping'}
{'name': 'udisksd', 'ppid': 1, 'pid': 1160, 'username': 'root', 'status': 'sleeping'}
{'name': 'avahi-daemon', 'ppid': 1125, 'pid': 1173, 'username': 'avahi', 'status': 'sleeping'}
{'name': 'NetworkManager', 'ppid': 1, 'pid': 1186, 'username': 'root', 'status': 'sleeping'}
{'name': 'wpa_supplicant', 'ppid': 1, 'pid': 1188, 'username': 'root', 'status': 'sleeping'}
{'name': 'rsyslogd', 'ppid': 1, 'pid': 1221, 'username': 'syslog', 'status': 'sleeping'}
{'name': 'kworker/6:3-events', 'ppid': 2, 'pid': 1222, 'username': 'root', 'status': 'idle'}
{'name': 'ModemManager', 'ppid': 1, 'pid': 1259, 'username': 'root', 'status': 'sleeping'}
{'name': 'upowerd', 'ppid': 1, 'pid': 1261, 'username': 'root', 'status': 'sleeping'}
{'name': 'mt76-tx phy0', 'ppid': 2, 'pid': 1320, 'username': 'root', 'status': 'sleeping'}
{'name': 'irq/157-AudioDSP', 'ppid': 2, 'pid': 1330, 'username': 'root', 'status': 'sleeping'}
{'name': 'cupsd', 'ppid': 1, 'pid': 1536, 'username': 'root', 'status': 'sleeping'}
{'name': 'run-cups-browse', 'ppid': 1, 'pid': 1551, 'username': 'root', 'status': 'sleeping'}
{'name': 'run-cupsd', 'ppid': 1, 'pid': 1555, 'username': 'root', 'status': 'sleeping'}
{'name': 'unattended-upgr', 'ppid': 1, 'pid': 1564, 'username': 'root', 'status': 'sleeping'}
{'name': 'containerd', 'ppid': 1, 'pid': 1585, 'username': 'root', 'status': 'sleeping'}
{'name': 'dbus', 'ppid': 1536, 'pid': 1630, 'username': 'lp', 'status': 'sleeping'}
{'name': 'gdm3', 'ppid': 1, 'pid': 1670, 'username': 'root', 'status': 'sleeping'}
{'name': 'mysqld', 'ppid': 1, 'pid': 1721, 'username': 'mysql', 'status': 'sleeping'}
{'name': 'rtkit-daemon', 'ppid': 1, 'pid': 1887, 'username': 'rtkit', 'status': 'sleeping'}
{'name': 'krfcommd', 'ppid': 2, 'pid': 2061, 'username': 'root', 'status': 'sleeping'}
{'name': 'colord', 'ppid': 1, 'pid': 2185, 'username': 'colord', 'status': 'sleeping'}
{'name': 'cupsd', 'ppid': 1555, 'pid': 2572, 'username': 'root', 'status': 'sleeping'}
{'name': 'cups-proxyd', 'ppid': 1555, 'pid': 2573, 'username': 'root', 'status': 'sleeping'}
{'name': 'run-cups-browse', 'ppid': 1551, 'pid': 2646, 'username': 'root', 'status': 'sleeping'}
{'name': 'sleep', 'ppid': 2646, 'pid': 2648, 'username': 'root', 'status': 'sleeping'}
{'name': 'cups-browsed', 'ppid': 1, 'pid': 2652, 'username': 'cups-browsed', 'status': 'sleeping'}
{'name': 'dockerd', 'ppid': 1, 'pid': 2653, 'username': 'root', 'status': 'sleeping'}
{'name': 'kerneloops', 'ppid': 1, 'pid': 2655, 'username': 'kernoops', 'status': 'sleeping'}
{'name': 'kerneloops', 'ppid': 1, 'pid': 2658, 'username': 'kernoops', 'status': 'sleeping'}
{'name': 'gdm-session-worker', 'ppid': 1670, 'pid': 3026, 'username': 'root', 'status': 'sleeping'}
{'name': 'systemd', 'ppid': 1, 'pid': 3039, 'username': 'pawar', 'status': 'sleeping'}
{'name': 'kworker/3:3-events', 'ppid': 2, 'pid': 3040, 'username': 'root', 'status': 'idle'}
{'name': '(sd-pam)', 'ppid': 3039, 'pid': 3045, 'username': 'pawar', 'status': 'sleeping'}
{'name': 'pipewire', 'ppid': 3039, 'pid': 3059, 'username': 'pawar', 'status': 'sleeping'}
{'name': 'pipewire', 'ppid': 3039, 'pid': 3060, 'username': 'pawar', 'status': 'sleeping'}
{'name': 'wireplumber', 'ppid': 3039, 'pid': 3064, 'username': 'pawar', 'status': 'sleeping'}
{'name': 'pipewire-pulse', 'ppid': 3039, 'pid': 3066, 'username': 'pawar', 'status': 'sleeping'}
{'name': 'gnome-keyring-daemon', 'ppid': 3039, 'pid': 3067, 'username': 'pawar', 'status': 'sleeping'}
{'name': 'dbus-daemon', 'ppid': 3039, 'pid': 3081, 'username': 'pawar', 'status': 'sleeping'}
{'name': 'xdg-document-portal', 'ppid': 3039, 'pid': 3122, 'username': 'pawar', 'status': 'sleeping'}
{'name': 'xdg-permission-store', 'ppid': 3039, 'pid': 3128, 'username': 'pawar', 'status': 'sleeping'}
{'name': 'fusermount3', 'ppid': 3122, 'pid': 3135, 'username': 'pawar', 'status': 'sleeping'}
{'name': 'gdm-x-session', 'ppid': 3026, 'pid': 3168, 'username': 'pawar', 'status': 'sleeping'}
{'name': 'Xorg', 'ppid': 3168, 'pid': 3174, 'username': 'pawar', 'status': 'sleeping'}
{'name': 'gnome-session-binary', 'ppid': 3168, 'pid': 3192, 'username': 'pawar', 'status': 'sleeping'}
{'name': 'at-spi-bus-launcher', 'ppid': 3039, 'pid': 3285, 'username': 'pawar', 'status': 'sleeping'}
{'name': 'dbus-daemon', 'ppid': 3285, 'pid': 3292, 'username': 'pawar', 'status': 'sleeping'}
{'name': 'gcr-ssh-agent', 'ppid': 3039, 'pid': 3305, 'username': 'pawar', 'status': 'sleeping'}
{'name': 'gnome-session-ctl', 'ppid': 3039, 'pid': 3306, 'username': 'pawar', 'status': 'sleeping'}
{'name': 'gvfsd', 'ppid': 3039, 'pid': 3320, 'username': 'pawar', 'status': 'sleeping'}
{'name': 'gvfsd-fuse', 'ppid': 3039, 'pid': 3328, 'username': 'pawar', 'status': 'sleeping'}
{'name': 'gnome-session-binary', 'ppid': 3039, 'pid': 3331, 'username': 'pawar', 'status': 'sleeping'}
{'name': 'gnome-shell', 'ppid': 3039, 'pid': 3374, 'username': 'pawar', 'status': 'sleeping'}
{'name': 'mutter-x11-frames', 'ppid': 3374, 'pid': 3397, 'username': 'pawar', 'status': 'sleeping'}
{'name': 'at-spi2-registryd', 'ppid': 3039, 'pid': 3403, 'username': 'pawar', 'status': 'sleeping'}
{'name': 'gnome-shell-calendar-server', 'ppid': 3039, 'pid': 3434, 'username': 'pawar', 'status': 'sleeping'}
{'name': 'evolution-source-registry', 'ppid': 3039, 'pid': 3442, 'username': 'pawar', 'status': 'sleeping'}
{'name': 'gjs', 'ppid': 3039, 'pid': 3454, 'username': 'pawar', 'status': 'sleeping'}
{'name': 'ibus-daemon', 'ppid': 3039, 'pid': 3480, 'username': 'pawar', 'status': 'sleeping'}
{'name': 'gsd-a11y-settings', 'ppid': 3039, 'pid': 3481, 'username': 'pawar', 'status': 'sleeping'}
{'name': 'gsd-color', 'ppid': 3039, 'pid': 3484, 'username': 'pawar', 'status': 'sleeping'}
{'name': 'gsd-datetime', 'ppid': 3039, 'pid': 3486, 'username': 'pawar', 'status': 'sleeping'}
{'name': 'gsd-housekeeping', 'ppid': 3039, 'pid': 3488, 'username': 'pawar', 'status': 'sleeping'}
{'name': 'gsd-keyboard', 'ppid': 3039, 'pid': 3490, 'username': 'pawar', 'status': 'sleeping'}
{'name': 'gsd-media-keys', 'ppid': 3039, 'pid': 3496, 'username': 'pawar', 'status': 'sleeping'}
{'name': 'gsd-power', 'ppid': 3039, 'pid': 3497, 'username': 'pawar', 'status': 'sleeping'}
{'name': 'gsd-print-notifications', 'ppid': 3039, 'pid': 3503, 'username': 'pawar', 'status': 'sleeping'}
{'name': 'gsd-rfkill', 'ppid': 3039, 'pid': 3510, 'username': 'pawar', 'status': 'sleeping'}
{'name': 'gsd-screensaver-proxy', 'ppid': 3039, 'pid': 3514, 'username': 'pawar', 'status': 'sleeping'}
{'name': 'gsd-sharing', 'ppid': 3039, 'pid': 3520, 'username': 'pawar', 'status': 'sleeping'}
{'name': 'gsd-smartcard', 'ppid': 3039, 'pid': 3528, 'username': 'pawar', 'status': 'sleeping'}
{'name': 'gsd-sound', 'ppid': 3039, 'pid': 3539, 'username': 'pawar', 'status': 'sleeping'}
{'name': 'gsd-wacom', 'ppid': 3039, 'pid': 3543, 'username': 'pawar', 'status': 'sleeping'}
{'name': 'gsd-xsettings', 'ppid': 3039, 'pid': 3546, 'username': 'pawar', 'status': 'sleeping'}
{'name': 'gsd-disk-utility-notify', 'ppid': 3331, 'pid': 3557, 'username': 'pawar', 'status': 'sleeping'}
{'name': 'evolution-alarm-notify', 'ppid': 3331, 'pid': 3561, 'username': 'pawar', 'status': 'sleeping'}
{'name': 'gvfs-udisks2-volume-monitor', 'ppid': 3039, 'pid': 3562, 'username': 'pawar', 'status': 'sleeping'}
{'name': 'ibus-dconf', 'ppid': 3480, 'pid': 3610, 'username': 'pawar', 'status': 'sleeping'}
{'name': 'ibus-extension-gtk3', 'ppid': 3480, 'pid': 3613, 'username': 'pawar', 'status': 'sleeping'}
{'name': 'ibus-x11', 'ppid': 3039, 'pid': 3617, 'username': 'pawar', 'status': 'sleeping'}
{'name': 'goa-daemon', 'ppid': 3039, 'pid': 3625, 'username': 'pawar', 'status': 'sleeping'}
{'name': 'ibus-portal', 'ppid': 3039, 'pid': 3630, 'username': 'pawar', 'status': 'sleeping'}
{'name': 'gsd-printer', 'ppid': 3039, 'pid': 3648, 'username': 'pawar', 'status': 'sleeping'}
{'name': 'goa-identity-service', 'ppid': 3039, 'pid': 3681, 'username': 'pawar', 'status': 'sleeping'}
{'name': 'evolution-calendar-factory', 'ppid': 3039, 'pid': 3694, 'username': 'pawar', 'status': 'sleeping'}
{'name': 'gvfs-afc-volume-monitor', 'ppid': 3039, 'pid': 3726, 'username': 'pawar', 'status': 'sleeping'}
{'name': 'evolution-addressbook-factory', 'ppid': 3039, 'pid': 3740, 'username': 'pawar', 'status': 'sleeping'}
{'name': 'gvfs-goa-volume-monitor', 'ppid': 3039, 'pid': 3741, 'username': 'pawar', 'status': 'sleeping'}
{'name': 'gvfs-gphoto2-volume-monitor', 'ppid': 3039, 'pid': 3749, 'username': 'pawar', 'status': 'sleeping'}
{'name': 'gvfs-mtp-volume-monitor', 'ppid': 3039, 'pid': 3758, 'username': 'pawar', 'status': 'sleeping'}
{'name': 'gjs', 'ppid': 3039, 'pid': 3782, 'username': 'pawar', 'status': 'sleeping'}
{'name': 'ibus-engine-simple', 'ppid': 3480, 'pid': 3801, 'username': 'pawar', 'status': 'sleeping'}
{'name': 'tracker-miner-fs-3', 'ppid': 3039, 'pid': 3809, 'username': 'pawar', 'status': 'sleeping'}
{'name': 'gvfsd-trash', 'ppid': 3320, 'pid': 3848, 'username': 'pawar', 'status': 'sleeping'}
{'name': 'dconf-service', 'ppid': 3039, 'pid': 3863, 'username': 'pawar', 'status': 'sleeping'}
{'name': 'xdg-desktop-portal', 'ppid': 3039, 'pid': 3871, 'username': 'pawar', 'status': 'sleeping'}
{'name': 'xdg-desktop-portal-gnome', 'ppid': 3039, 'pid': 3879, 'username': 'pawar', 'status': 'sleeping'}
{'name': 'snapd-desktop-integration', 'ppid': 3039, 'pid': 3887, 'username': 'pawar', 'status': 'sleeping'}
{'name': 'snapd-desktop-integration', 'ppid': 3887, 'pid': 3956, 'username': 'pawar', 'status': 'sleeping'}
{'name': 'xdg-desktop-portal-gtk', 'ppid': 3039, 'pid': 3960, 'username': 'pawar', 'status': 'sleeping'}
{'name': 'gjs', 'ppid': 3374, 'pid': 4010, 'username': 'pawar', 'status': 'sleeping'}
{'name': 'gvfsd-metadata', 'ppid': 3039, 'pid': 4088, 'username': 'pawar', 'status': 'sleeping'}
{'name': 'update-notifier', 'ppid': 3331, 'pid': 4165, 'username': 'pawar', 'status': 'sleeping'}
{'name': 'chrome', 'ppid': 3374, 'pid': 4203, 'username': 'pawar', 'status': 'sleeping'}
{'name': 'cat', 'ppid': 4203, 'pid': 4209, 'username': 'pawar', 'status': 'sleeping'}
{'name': 'cat', 'ppid': 4203, 'pid': 4210, 'username': 'pawar', 'status': 'sleeping'}
{'name': 'chrome_crashpad_handler', 'ppid': 3039, 'pid': 4212, 'username': 'pawar', 'status': 'sleeping'}
{'name': 'chrome_crashpad_handler', 'ppid': 3039, 'pid': 4214, 'username': 'pawar', 'status': 'sleeping'}
{'name': 'chrome', 'ppid': 4203, 'pid': 4220, 'username': 'pawar', 'status': 'sleeping'}
{'name': 'chrome', 'ppid': 4203, 'pid': 4221, 'username': 'pawar', 'status': 'sleeping'}
{'name': 'chrome', 'ppid': 4221, 'pid': 4223, 'username': 'pawar', 'status': 'sleeping'}
{'name': 'chrome', 'ppid': 4220, 'pid': 4260, 'username': 'pawar', 'status': 'sleeping'}
{'name': 'chrome', 'ppid': 4203, 'pid': 4262, 'username': 'pawar', 'status': 'sleeping'}
{'name': 'chrome', 'ppid': 4223, 'pid': 4273, 'username': 'pawar', 'status': 'sleeping'}
{'name': 'chrome', 'ppid': 4223, 'pid': 4455, 'username': 'pawar', 'status': 'sleeping'}
{'name': 'chrome', 'ppid': 4203, 'pid': 4531, 'username': 'pawar', 'status': 'sleeping'}
{'name': 'chrome', 'ppid': 4223, 'pid': 4633, 'username': 'pawar', 'status': 'sleeping'}
{'name': 'gnome-terminal-server', 'ppid': 3039, 'pid': 4819, 'username': 'pawar', 'status': 'sleeping'}
{'name': 'bash', 'ppid': 4819, 'pid': 4832, 'username': 'pawar', 'status': 'sleeping'}
{'name': 'code', 'ppid': 3039, 'pid': 4996, 'username': 'pawar', 'status': 'sleeping'}
{'name': 'code', 'ppid': 4996, 'pid': 4998, 'username': 'pawar', 'status': 'sleeping'}
{'name': 'code', 'ppid': 4996, 'pid': 4999, 'username': 'pawar', 'status': 'sleeping'}
{'name': 'chrome_crashpad_handler', 'ppid': 3039, 'pid': 5017, 'username': 'pawar', 'status': 'sleeping'}
{'name': 'code', 'ppid': 4996, 'pid': 5072, 'username': 'pawar', 'status': 'sleeping'}
{'name': 'code', 'ppid': 4999, 'pid': 5092, 'username': 'pawar', 'status': 'sleeping'}
{'name': 'code', 'ppid': 4996, 'pid': 5108, 'username': 'pawar', 'status': 'sleeping'}
{'name': 'code', 'ppid': 4996, 'pid': 5141, 'username': 'pawar', 'status': 'sleeping'}
{'name': 'code', 'ppid': 4996, 'pid': 5151, 'username': 'pawar', 'status': 'sleeping'}
{'name': 'code', 'ppid': 4996, 'pid': 5152, 'username': 'pawar', 'status': 'sleeping'}
{'name': 'code', 'ppid': 5141, 'pid': 5320, 'username': 'pawar', 'status': 'sleeping'}
{'name': 'code', 'ppid': 5141, 'pid': 5356, 'username': 'pawar', 'status': 'sleeping'}
{'name': 'pet', 'ppid': 5141, 'pid': 5398, 'username': 'pawar', 'status': 'sleeping'}
{'name': 'code', 'ppid': 5141, 'pid': 5482, 'username': 'pawar', 'status': 'sleeping'}
{'name': 'code', 'ppid': 4996, 'pid': 5502, 'username': 'pawar', 'status': 'sleeping'}
{'name': 'bash', 'ppid': 5502, 'pid': 5518, 'username': 'pawar', 'status': 'sleeping'}
{'name': 'code', 'ppid': 5141, 'pid': 5554, 'username': 'pawar', 'status': 'sleeping'}
{'name': 'chrome', 'ppid': 4223, 'pid': 6426, 'username': 'pawar', 'status': 'sleeping'}
{'name': 'chrome', 'ppid': 4223, 'pid': 6454, 'username': 'pawar', 'status': 'sleeping'}
{'name': 'chrome', 'ppid': 4223, 'pid': 6641, 'username': 'pawar', 'status': 'sleeping'}
{'name': 'fwupd', 'ppid': 1, 'pid': 8592, 'username': 'root', 'status': 'sleeping'}
{'name': 'psimon', 'ppid': 2, 'pid': 9286, 'username': 'root', 'status': 'sleeping'}
{'name': '(udev-worker)', 'ppid': 511, 'pid': 9298, 'username': 'root', 'status': 'sleeping'}
{'name': 'chrome', 'ppid': 4223, 'pid': 9339, 'username': 'pawar', 'status': 'sleeping'}
{'name': 'chrome', 'ppid': 4223, 'pid': 10418, 'username': 'pawar', 'status': 'sleeping'}
{'name': 'chrome', 'ppid': 4223, 'pid': 10426, 'username': 'pawar', 'status': 'sleeping'}
{'name': 'chrome', 'ppid': 4223, 'pid': 10461, 'username': 'pawar', 'status': 'sleeping'}
{'name': 'chrome', 'ppid': 4223, 'pid': 10466, 'username': 'pawar', 'status': 'sleeping'}
{'name': 'chrome', 'ppid': 4223, 'pid': 10496, 'username': 'pawar', 'status': 'sleeping'}
{'name': 'chrome', 'ppid': 4223, 'pid': 11248, 'username': 'pawar', 'status': 'sleeping'}
{'name': 'chrome', 'ppid': 4223, 'pid': 11274, 'username': 'pawar', 'status': 'sleeping'}
{'name': 'chrome', 'ppid': 4223, 'pid': 11283, 'username': 'pawar', 'status': 'sleeping'}
{'name': 'chrome', 'ppid': 4223, 'pid': 11304, 'username': 'pawar', 'status': 'sleeping'}
{'name': 'chrome', 'ppid': 4223, 'pid': 11312, 'username': 'pawar', 'status': 'sleeping'}
{'name': 'chrome', 'ppid': 4223, 'pid': 11317, 'username': 'pawar', 'status': 'sleeping'}
{'name': 'chrome', 'ppid': 4223, 'pid': 11322, 'username': 'pawar', 'status': 'sleeping'}
{'name': 'chrome', 'ppid': 4223, 'pid': 11333, 'username': 'pawar', 'status': 'sleeping'}
{'name': 'chrome', 'ppid': 4223, 'pid': 11341, 'username': 'pawar', 'status': 'sleeping'}
{'name': 'chrome', 'ppid': 4223, 'pid': 11349, 'username': 'pawar', 'status': 'sleeping'}
{'name': 'chrome', 'ppid': 4223, 'pid': 11360, 'username': 'pawar', 'status': 'sleeping'}
{'name': 'chrome', 'ppid': 4223, 'pid': 11394, 'username': 'pawar', 'status': 'sleeping'}
{'name': 'chrome', 'ppid': 4223, 'pid': 11402, 'username': 'pawar', 'status': 'sleeping'}
{'name': 'chrome', 'ppid': 4223, 'pid': 11410, 'username': 'pawar', 'status': 'sleeping'}
{'name': 'chrome', 'ppid': 4223, 'pid': 11418, 'username': 'pawar', 'status': 'sleeping'}
{'name': 'chrome', 'ppid': 4223, 'pid': 11426, 'username': 'pawar', 'status': 'sleeping'}
{'name': 'chrome', 'ppid': 4223, 'pid': 11438, 'username': 'pawar', 'status': 'sleeping'}
{'name': 'chrome', 'ppid': 4223, 'pid': 11451, 'username': 'pawar', 'status': 'sleeping'}
{'name': 'chrome', 'ppid': 4223, 'pid': 11459, 'username': 'pawar', 'status': 'sleeping'}
{'name': 'kworker/u24:1-events_power_efficient', 'ppid': 2, 'pid': 18593, 'username': 'root', 'status': 'idle'}
{'name': 'kworker/11:2-mm_percpu_wq', 'ppid': 2, 'pid': 18946, 'username': 'root', 'status': 'idle'}
{'name': 'kworker/10:0-events', 'ppid': 2, 'pid': 19392, 'username': 'root', 'status': 'idle'}
{'name': 'kworker/1:0-events', 'ppid': 2, 'pid': 20270, 'username': 'root', 'status': 'idle'}
{'name': 'kworker/u24:2-events_power_efficient', 'ppid': 2, 'pid': 20522, 'username': 'root', 'status': 'idle'}
{'name': 'kworker/8:2-mm_percpu_wq', 'ppid': 2, 'pid': 20528, 'username': 'root', 'status': 'idle'}
{'name': 'kworker/0:2-events', 'ppid': 2, 'pid': 20540, 'username': 'root', 'status': 'idle'}
{'name': 'kworker/5:2-i915-unordered', 'ppid': 2, 'pid': 20726, 'username': 'root', 'status': 'idle'}
{'name': 'kworker/6:0-events', 'ppid': 2, 'pid': 21054, 'username': 'root', 'status': 'idle'}
{'name': 'kworker/7:2-i915-unordered', 'ppid': 2, 'pid': 21087, 'username': 'root', 'status': 'idle'}
{'name': 'kworker/4:2-mm_percpu_wq', 'ppid': 2, 'pid': 21120, 'username': 'root', 'status': 'idle'}
{'name': 'kworker/9:0', 'ppid': 2, 'pid': 21172, 'username': 'root', 'status': 'idle'}
{'name': 'kworker/10:2-events', 'ppid': 2, 'pid': 21497, 'username': 'root', 'status': 'idle'}
{'name': 'chrome', 'ppid': 4223, 'pid': 21593, 'username': 'pawar', 'status': 'sleeping'}
{'name': 'chrome', 'ppid': 4223, 'pid': 21615, 'username': 'pawar', 'status': 'sleeping'}
{'name': 'chrome', 'ppid': 4223, 'pid': 21715, 'username': 'pawar', 'status': 'sleeping'}
{'name': 'chrome', 'ppid': 4223, 'pid': 21745, 'username': 'pawar', 'status': 'sleeping'}
{'name': 'kworker/2:0-events', 'ppid': 2, 'pid': 22251, 'username': 'root', 'status': 'idle'}
{'name': 'kworker/3:1', 'ppid': 2, 'pid': 22388, 'username': 'root', 'status': 'idle'}
{'name': 'chrome', 'ppid': 4223, 'pid': 22432, 'username': 'pawar', 'status': 'sleeping'}
{'name': 'chrome', 'ppid': 4223, 'pid': 22497, 'username': 'pawar', 'status': 'sleeping'}
{'name': 'chrome', 'ppid': 4223, 'pid': 22616, 'username': 'pawar', 'status': 'sleeping'}
{'name': 'chrome', 'ppid': 4223, 'pid': 22642, 'username': 'pawar', 'status': 'sleeping'}
{'name': 'kworker/1:2', 'ppid': 2, 'pid': 22861, 'username': 'root', 'status': 'idle'}
{'name': 'kworker/5:1-events', 'ppid': 2, 'pid': 22913, 'username': 'root', 'status': 'idle'}
{'name': 'kworker/11:0', 'ppid': 2, 'pid': 22935, 'username': 'root', 'status': 'idle'}
{'name': 'kworker/u24:0-ext4-rsv-conversion', 'ppid': 2, 'pid': 23167, 'username': 'root', 'status': 'idle'}
{'name': 'kworker/6:1-events', 'ppid': 2, 'pid': 23214, 'username': 'root', 'status': 'idle'}
{'name': 'kworker/4:1-events', 'ppid': 2, 'pid': 23298, 'username': 'root', 'status': 'idle'}
{'name': 'kworker/0:0-events', 'ppid': 2, 'pid': 23310, 'username': 'root', 'status': 'idle'}
{'name': 'chrome', 'ppid': 4223, 'pid': 23435, 'username': 'pawar', 'status': 'sleeping'}
{'name': 'kworker/10:1', 'ppid': 2, 'pid': 23745, 'username': 'root', 'status': 'idle'}
{'name': 'kworker/7:0', 'ppid': 2, 'pid': 24186, 'username': 'root', 'status': 'idle'}
{'name': 'kworker/u24:3', 'ppid': 2, 'pid': 24479, 'username': 'root', 'status': 'idle'}
{'name': 'python3', 'ppid': 4832, 'pid': 24597, 'username': 'pawar', 'status': 'running'}
